<?xml version="1.0" encoding="UTF-8"?>
<!-- Generated by org.testng.reporters.JUnitReportReporter -->
<testsuite hostname="LAPTOP-51GVEAJU" failures="0" tests="2" name="com.saucedemo.AddToCart" time="0.584" errors="0" timestamp="2022-07-25T23:50:40 IST" skipped="0">
  <testcase classname="com.saucedemo.AddToCart" name="addToCart" time="0.455"/>
  <system-out/>
  <testcase classname="com.saucedemo.AddToCart" name="cart" time="0.129"/>
  <system-out/>
</testsuite> <!-- com.saucedemo.AddToCart -->
