<?xml version="1.0" encoding="UTF-8"?>
<!-- Generated by org.testng.reporters.JUnitReportReporter -->
<testsuite hostname="LAPTOP-51GVEAJU" failures="0" tests="1" name="com.saucedemo.CashItemout" time="0.381" errors="0" timestamp="2022-07-26T22:06:56 IST" skipped="0">
  <testcase classname="com.saucedemo.CashItemout" name="cashOut" time="0.381"/>
  <system-out/>
</testsuite> <!-- com.saucedemo.CashItemout -->
