<?xml version="1.0" encoding="UTF-8"?>
<!-- Generated by org.testng.reporters.JUnitReportReporter -->
<testsuite hostname="LAPTOP-51GVEAJU" failures="0" tests="1" name="com.saucedemo.Login" time="0.309" errors="0" timestamp="2022-07-25T23:50:40 IST" skipped="0">
  <testcase classname="com.saucedemo.Login" name="testLogin" time="0.309"/>
  <system-out/>
</testsuite> <!-- com.saucedemo.Login -->
