<?xml version="1.0" encoding="UTF-8"?>
<!-- Generated by org.testng.reporters.JUnitReportReporter -->
<testsuite hostname="LAPTOP-51GVEAJU" failures="0" tests="1" name="com.saucedemo.AppTest" time="0.014" errors="0" timestamp="2022-07-25T23:30:08 IST" skipped="0">
  <testcase classname="com.saucedemo.AppTest" name="shouldAnswerWithTrue" time="0.014"/>
  <system-out/>
</testsuite> <!-- com.saucedemo.AppTest -->
